<?xml version="1.0" encoding="UTF-8"?>
<testsuite xmlns:xsi="http://www.w3.org/2001/XMLSchema-instance" xsi:noNamespaceSchemaLocation="https://maven.apache.org/surefire/maven-surefire-plugin/xsd/surefire-test-report.xsd" name="de.fh.albsig.hafnerm1.weatherapp.WeatherTest" time="0.403" tests="3" errors="0" skipped="0" failures="0">
  <properties>
    <property name="awt.toolkit" value="sun.awt.X11.XToolkit"/>
    <property name="java.specification.version" value="10"/>
    <property name="file.encoding.pkg" value="sun.io"/>
    <property name="sun.cpu.isalist" value=""/>
    <property name="sun.jnu.encoding" value="UTF-8"/>
    <property name="java.class.path" value="/home/martin/.m2/repository/org/apache/maven/surefire/surefire-booter/2.22.0/surefire-booter-2.22.0.jar:/home/martin/.m2/repository/org/apache/maven/surefire/surefire-api/2.22.0/surefire-api-2.22.0.jar:/home/martin/.m2/repository/org/apache/maven/surefire/surefire-logger-api/2.22.0/surefire-logger-api-2.22.0.jar:/home/martin/Dokumente/Semester5/PJE/PJE/weatherapp/target/test-classes:/home/martin/Dokumente/Semester5/PJE/PJE/weatherapp/target/classes:/home/martin/.m2/repository/org/junit/jupiter/junit-jupiter-api/5.3.1/junit-jupiter-api-5.3.1.jar:/home/martin/.m2/repository/org/apiguardian/apiguardian-api/1.0.0/apiguardian-api-1.0.0.jar:/home/martin/.m2/repository/org/opentest4j/opentest4j/1.1.1/opentest4j-1.1.1.jar:/home/martin/.m2/repository/org/junit/platform/junit-platform-commons/1.3.1/junit-platform-commons-1.3.1.jar:/home/martin/.m2/repository/org/junit/jupiter/junit-jupiter-engine/5.3.1/junit-jupiter-engine-5.3.1.jar:/home/martin/.m2/repository/org/junit/platform/junit-platform-engine/1.3.1/junit-platform-engine-1.3.1.jar:/home/martin/.m2/repository/org/junit/vintage/junit-vintage-engine/5.3.1/junit-vintage-engine-5.3.1.jar:/home/martin/.m2/repository/junit/junit/4.12/junit-4.12.jar:/home/martin/.m2/repository/org/hamcrest/hamcrest-core/1.3/hamcrest-core-1.3.jar:/home/martin/.m2/repository/org/junit/platform/junit-platform-launcher/1.3.1/junit-platform-launcher-1.3.1.jar:/home/martin/.m2/repository/org/junit/platform/junit-platform-runner/1.3.1/junit-platform-runner-1.3.1.jar:/home/martin/.m2/repository/org/junit/platform/junit-platform-suite-api/1.3.1/junit-platform-suite-api-1.3.1.jar:/home/martin/.m2/repository/org/mockito/mockito-all/1.10.19/mockito-all-1.10.19.jar:/home/martin/.m2/repository/log4j/log4j/1.2.17/log4j-1.2.17.jar:/home/martin/.m2/repository/org/apache/commons/commons-lang3/3.8.1/commons-lang3-3.8.1.jar:/home/martin/.m2/repository/org/json/json/20180813/json-20180813.jar:/home/martin/.m2/repository/dom4j/dom4j/1.6.1/dom4j-1.6.1.jar:/home/martin/.m2/repository/xml-apis/xml-apis/1.0.b2/xml-apis-1.0.b2.jar:/home/martin/.m2/repository/jaxen/jaxen/1.1.6/jaxen-1.1.6.jar:/home/martin/.m2/repository/org/apache/maven/surefire/surefire-junit-platform/2.22.0/surefire-junit-platform-2.22.0.jar:/home/martin/.m2/repository/org/junit/platform/junit-platform-launcher/1.2.0/junit-platform-launcher-1.2.0.jar:/home/martin/.m2/repository/org/junit/platform/junit-platform-engine/1.2.0/junit-platform-engine-1.2.0.jar:/home/martin/.m2/repository/org/junit/platform/junit-platform-commons/1.2.0/junit-platform-commons-1.2.0.jar:/home/martin/.m2/repository/org/opentest4j/opentest4j/1.1.0/opentest4j-1.1.0.jar"/>
    <property name="java.vm.vendor" value="Oracle Corporation"/>
    <property name="sun.arch.data.model" value="64"/>
    <property name="java.vendor.url" value="http://java.oracle.com/"/>
    <property name="user.timezone" value=""/>
    <property name="java.vm.specification.version" value="10"/>
    <property name="os.name" value="Linux"/>
    <property name="sun.java.launcher" value="SUN_STANDARD"/>
    <property name="user.country" value="DE"/>
    <property name="sun.boot.library.path" value="/usr/lib/jvm/java-11-openjdk-amd64/lib"/>
    <property name="sun.java.command" value="org.apache.maven.surefire.booter.ForkedBooter /home/martin/Dokumente/Semester5/PJE/PJE/weatherapp/target/surefire 2018-11-22T09-54-11_510-jvmRun1 surefire7238499366786078368tmp surefire_02026355434623337779tmp"/>
    <property name="jdk.debug" value="release"/>
    <property name="surefire.test.class.path" value="/home/martin/Dokumente/Semester5/PJE/PJE/weatherapp/target/test-classes:/home/martin/Dokumente/Semester5/PJE/PJE/weatherapp/target/classes:/home/martin/.m2/repository/org/junit/jupiter/junit-jupiter-api/5.3.1/junit-jupiter-api-5.3.1.jar:/home/martin/.m2/repository/org/apiguardian/apiguardian-api/1.0.0/apiguardian-api-1.0.0.jar:/home/martin/.m2/repository/org/opentest4j/opentest4j/1.1.1/opentest4j-1.1.1.jar:/home/martin/.m2/repository/org/junit/platform/junit-platform-commons/1.3.1/junit-platform-commons-1.3.1.jar:/home/martin/.m2/repository/org/junit/jupiter/junit-jupiter-engine/5.3.1/junit-jupiter-engine-5.3.1.jar:/home/martin/.m2/repository/org/junit/platform/junit-platform-engine/1.3.1/junit-platform-engine-1.3.1.jar:/home/martin/.m2/repository/org/junit/vintage/junit-vintage-engine/5.3.1/junit-vintage-engine-5.3.1.jar:/home/martin/.m2/repository/junit/junit/4.12/junit-4.12.jar:/home/martin/.m2/repository/org/hamcrest/hamcrest-core/1.3/hamcrest-core-1.3.jar:/home/martin/.m2/repository/org/junit/platform/junit-platform-launcher/1.3.1/junit-platform-launcher-1.3.1.jar:/home/martin/.m2/repository/org/junit/platform/junit-platform-runner/1.3.1/junit-platform-runner-1.3.1.jar:/home/martin/.m2/repository/org/junit/platform/junit-platform-suite-api/1.3.1/junit-platform-suite-api-1.3.1.jar:/home/martin/.m2/repository/org/mockito/mockito-all/1.10.19/mockito-all-1.10.19.jar:/home/martin/.m2/repository/log4j/log4j/1.2.17/log4j-1.2.17.jar:/home/martin/.m2/repository/org/apache/commons/commons-lang3/3.8.1/commons-lang3-3.8.1.jar:/home/martin/.m2/repository/org/json/json/20180813/json-20180813.jar:/home/martin/.m2/repository/dom4j/dom4j/1.6.1/dom4j-1.6.1.jar:/home/martin/.m2/repository/xml-apis/xml-apis/1.0.b2/xml-apis-1.0.b2.jar:/home/martin/.m2/repository/jaxen/jaxen/1.1.6/jaxen-1.1.6.jar:"/>
    <property name="sun.cpu.endian" value="little"/>
    <property name="user.home" value="/home/martin"/>
    <property name="user.language" value="de"/>
    <property name="java.specification.vendor" value="Oracle Corporation"/>
    <property name="java.version.date" value="2018-07-17"/>
    <property name="java.home" value="/usr/lib/jvm/java-11-openjdk-amd64"/>
    <property name="file.separator" value="/"/>
    <property name="basedir" value="/home/martin/Dokumente/Semester5/PJE/PJE/weatherapp"/>
    <property name="java.vm.compressedOopsMode" value="32-bit"/>
    <property name="line.separator" value="&#10;"/>
    <property name="java.specification.name" value="Java Platform API Specification"/>
    <property name="java.vm.specification.vendor" value="Oracle Corporation"/>
    <property name="java.awt.graphicsenv" value="sun.awt.X11GraphicsEnvironment"/>
    <property name="sun.management.compiler" value="HotSpot 64-Bit Tiered Compilers"/>
    <property name="java.runtime.version" value="10.0.2+13-Ubuntu-1ubuntu0.18.04.3"/>
    <property name="user.name" value="martin"/>
    <property name="path.separator" value=":"/>
    <property name="os.version" value="4.15.0-39-generic"/>
    <property name="java.runtime.name" value="OpenJDK Runtime Environment"/>
    <property name="file.encoding" value="UTF-8"/>
    <property name="java.vm.name" value="OpenJDK 64-Bit Server VM"/>
    <property name="localRepository" value="/home/martin/.m2/repository"/>
    <property name="java.vendor.url.bug" value="http://bugreport.java.com/bugreport/"/>
    <property name="java.io.tmpdir" value="/tmp"/>
    <property name="java.version" value="10.0.2"/>
    <property name="user.dir" value="/home/martin/Dokumente/Semester5/PJE/PJE/weatherapp"/>
    <property name="os.arch" value="amd64"/>
    <property name="java.vm.specification.name" value="Java Virtual Machine Specification"/>
    <property name="java.awt.printerjob" value="sun.print.PSPrinterJob"/>
    <property name="sun.os.patch.level" value="unknown"/>
    <property name="java.library.path" value="/opt/oracle/product/11.2.0/client_1/lib::/usr/java/packages/lib:/usr/lib/x86_64-linux-gnu/jni:/lib/x86_64-linux-gnu:/usr/lib/x86_64-linux-gnu:/usr/lib/jni:/lib:/usr/lib"/>
    <property name="java.vendor" value="Oracle Corporation"/>
    <property name="java.vm.info" value="mixed mode"/>
    <property name="java.vm.version" value="10.0.2+13-Ubuntu-1ubuntu0.18.04.3"/>
    <property name="sun.io.unicode.encoding" value="UnicodeLittle"/>
    <property name="java.class.version" value="54.0"/>
  </properties>
  <testcase name="OWMRetrieverTest" classname="de.fh.albsig.hafnerm1.weatherapp.WeatherTest" time="0.204"/>
  <testcase name="FormatterTest" classname="de.fh.albsig.hafnerm1.weatherapp.WeatherTest" time="0.025"/>
  <testcase name="KelvinCelsiusTest" classname="de.fh.albsig.hafnerm1.weatherapp.WeatherTest" time="0.002"/>
</testsuite>